#
# There is insufficient memory for the Java Runtime Environment to continue.
# Native memory allocation (malloc) failed to allocate 32744 bytes for ChunkPool::allocate
# Possible reasons:
#   The system is out of physical RAM or swap space
#   The process is running with CompressedOops enabled, and the Java Heap may be blocking the growth of the native heap
# Possible solutions:
#   Reduce memory load on the system
#   Increase physical memory or swap space
#   Check if swap backing store is full
#   Decrease Java heap size (-Xmx/-Xms)
#   Decrease number of Java threads
#   Decrease Java thread stack sizes (-Xss)
#   Set larger code cache with -XX:ReservedCodeCacheSize=
#   JVM is running with Unscaled Compressed Oops mode in which the Java heap is
#     placed in the first 4GB address space. The Java Heap base address is the
#     maximum limit for the native heap growth. Please use -XX:HeapBaseMinAddress
#     to set the Java Heap base and to place the Java Heap above 4GB virtual address.
# This output file may be truncated or incomplete.
#
#  Out of Memory Error (allocation.cpp:273), pid=10032, tid=0x0000000000000f34
#
# JRE version: Java(TM) SE Runtime Environment (8.0_201-b09) (build 1.8.0_201-b09)
# Java VM: Java HotSpot(TM) 64-Bit Server VM (25.201-b09 mixed mode windows-amd64 compressed oops)
# Failed to write core dump. Minidumps are not enabled by default on client versions of Windows
#

---------------  T H R E A D  ---------------

Current thread (0x000000001724b800):  JavaThread "C2 CompilerThread1" daemon [_thread_in_native, id=3892, stack(0x0000000017640000,0x0000000017740000)]

Stack: [0x0000000017640000,0x0000000017740000]
[error occurred during error reporting (printing stack bounds), id 0xc0000005]

Native frames: (J=compiled Java code, j=interpreted, Vv=VM code, C=native code)


Current CompileTask:
C2:  12987 1535       4       org.eclipse.jdt.launching.internal.org.objectweb.asm.ClassReader::readMethod (1052 bytes)


---------------  P R O C E S S  ---------------

Java Threads: ( => current thread )
  0x00000000173c7000 JavaThread "Okio Watchdog" daemon [_thread_blocked, id=8700, stack(0x0000000019f10000,0x000000001a010000)]
  0x0000000017f0f000 JavaThread "OkHttp ConnectionPool" daemon [_thread_blocked, id=9748, stack(0x0000000019c10000,0x0000000019d10000)]
  0x0000000018182000 JavaThread "Exec Stream Pumper" daemon [_thread_in_native, id=8364, stack(0x0000000019710000,0x0000000019810000)]
  0x0000000018181800 JavaThread "Exec Stream Pumper" daemon [_thread_in_native, id=7788, stack(0x0000000019610000,0x0000000019710000)]
  0x0000000018a1c800 JavaThread "UrlChecker-2" daemon [_thread_blocked, id=9304, stack(0x0000000019510000,0x0000000019610000)]
  0x0000000018a59000 JavaThread "Exec Default Executor" daemon [_thread_in_native, id=1784, stack(0x0000000019410000,0x0000000019510000)]
  0x000000001724f000 JavaThread "Service Thread" daemon [_thread_blocked, id=6660, stack(0x0000000017840000,0x0000000017940000)]
  0x000000001551a000 JavaThread "C1 CompilerThread2" daemon [_thread_blocked, id=1004, stack(0x0000000017740000,0x0000000017840000)]
=>0x000000001724b800 JavaThread "C2 CompilerThread1" daemon [_thread_in_native, id=3892, stack(0x0000000017640000,0x0000000017740000)]
  0x00000000171f0000 JavaThread "C2 CompilerThread0" daemon [_thread_blocked, id=2900, stack(0x0000000017540000,0x0000000017640000)]
  0x00000000154d9800 JavaThread "JDWP Command Reader" daemon [_thread_in_native, id=10132, stack(0x0000000017040000,0x0000000017140000)]
  0x00000000154d8000 JavaThread "JDWP Event Helper Thread" daemon [_thread_blocked, id=8372, stack(0x0000000016f40000,0x0000000017040000)]
  0x00000000154c8000 JavaThread "JDWP Transport Listener: dt_socket" daemon [_thread_blocked, id=360, stack(0x0000000016e40000,0x0000000016f40000)]
  0x00000000154c7800 JavaThread "Attach Listener" daemon [_thread_blocked, id=9688, stack(0x0000000016a00000,0x0000000016b00000)]
  0x00000000154c5800 JavaThread "Signal Dispatcher" daemon [_thread_blocked, id=9844, stack(0x0000000016900000,0x0000000016a00000)]
  0x00000000154aa800 JavaThread "Finalizer" daemon [_thread_blocked, id=6240, stack(0x0000000016710000,0x0000000016810000)]
  0x00000000032e1000 JavaThread "Reference Handler" daemon [_thread_blocked, id=9592, stack(0x0000000016610000,0x0000000016710000)]
  0x00000000031f3000 JavaThread "Forwarding maximizeCurrentWindow on session 6e72e425fce5d77346d202ef42d57f3b to remote" [_thread_in_native, id=9652, stack(0x0000000002f10000,0x0000000003010000)]

Other Threads:
  0x0000000015487800 VMThread [stack: 0x0000000016510000,0x0000000016610000] [id=8792]
  0x00000000172ca800 WatcherThread [stack: 0x0000000017940000,0x0000000017a40000] [id=8660]

VM state:not at safepoint (normal execution)

VM Mutex/Monitor currently owned by a thread: None

heap address: 0x00000000c8800000, size: 888 MB, Compressed Oops mode: 32-bit
Narrow klass base: 0x0000000000000000, Narrow klass shift: 3
Compressed class space size: 1073741824 Address: 0x0000000100000000

Heap:
 PSYoungGen      total 31744K, used 13647K [0x00000000ed800000, 0x00000000f1600000, 0x0000000100000000)
  eden space 29696K, 39% used [0x00000000ed800000,0x00000000ee35bd48,0x00000000ef500000)
  from space 2048K, 98% used [0x00000000ef500000,0x00000000ef6f8010,0x00000000ef700000)
  to   space 2048K, 0% used [0x00000000f1400000,0x00000000f1400000,0x00000000f1600000)
 ParOldGen       total 38400K, used 3490K [0x00000000c8800000, 0x00000000cad80000, 0x00000000ed800000)
  object space 38400K, 9% used [0x00000000c8800000,0x00000000c8b688b0,0x00000000cad80000)
 Metaspace       used 13945K, capacity 14650K, committed 14720K, reserved 1062912K
  class space    used 1717K, capacity 1913K, committed 1920K, reserved 1048576K

Card table byte_map: [0x00000000126b0000,0x0000000012870000] byte_map_base: 0x000000001206c000

Marking Bits: (ParMarkBitMap*) 0x000000006e7c4ce0
 Begin Bits: [0x0000000012da0000, 0x0000000013b80000)
 End Bits:   [0x0000000013b80000, 0x0000000014960000)

Polling page: 0x0000000000df0000

CodeCache: size=245760Kb used=6117Kb max_used=6129Kb free=239642Kb
 bounds [0x00000000032f0000, 0x00000000038f0000, 0x00000000122f0000]
 total_blobs=1930 nmethods=1540 adapters=311
 compilation: enabled

Compilation events (10 events):
Event: 12.260 Thread 0x000000001551a000 1537       1       java.util.AbstractMap$SimpleImmutableEntry::getKey (5 bytes)
Event: 12.260 Thread 0x000000001551a000 nmethod 1537 0x00000000038edd50 code [0x00000000038edea0, 0x00000000038edfb0]
Event: 12.260 Thread 0x000000001551a000 1538       1       java.util.AbstractMap$SimpleImmutableEntry::getValue (5 bytes)
Event: 12.260 Thread 0x000000001551a000 nmethod 1538 0x00000000038eda90 code [0x00000000038edbe0, 0x00000000038edcf0]
Event: 12.261 Thread 0x00000000171f0000 1539       4       java.util.regex.Matcher::search (109 bytes)
Event: 12.270 Thread 0x000000001551a000 1540       3       java.util.ArrayList$Itr::hasNext (20 bytes)
Event: 12.270 Thread 0x000000001551a000 nmethod 1540 0x00000000038ed6d0 code [0x00000000038ed820, 0x00000000038ed9f0]
Event: 12.271 Thread 0x000000001551a000 1541       3       java.util.regex.Pattern$BitClass::isSatisfiedBy (22 bytes)
Event: 12.271 Thread 0x000000001551a000 nmethod 1541 0x00000000038ed250 code [0x00000000038ed3c0, 0x00000000038ed5d0]
Event: 12.275 Thread 0x00000000171f0000 nmethod 1539 0x00000000038ec990 code [0x00000000038ecae0, 0x00000000038ecf18]

GC Heap History (6 events):
Event: 2.796 GC heap before
{Heap before GC invocations=1 (full 0):
 PSYoungGen      total 16896K, used 14848K [0x00000000ed800000, 0x00000000eea80000, 0x0000000100000000)
  eden space 14848K, 100% used [0x00000000ed800000,0x00000000ee680000,0x00000000ee680000)
  from space 2048K, 0% used [0x00000000ee880000,0x00000000ee880000,0x00000000eea80000)
  to   space 2048K, 0% used [0x00000000ee680000,0x00000000ee680000,0x00000000ee880000)
 ParOldGen       total 38400K, used 0K [0x00000000c8800000, 0x00000000cad80000, 0x00000000ed800000)
  object space 38400K, 0% used [0x00000000c8800000,0x00000000c8800000,0x00000000cad80000)
 Metaspace       used 6714K, capacity 6758K, committed 7040K, reserved 1056768K
  class space    used 759K, capacity 785K, committed 896K, reserved 1048576K
Event: 2.886 GC heap after
Heap after GC invocations=1 (full 0):
 PSYoungGen      total 16896K, used 1999K [0x00000000ed800000, 0x00000000ef900000, 0x0000000100000000)
  eden space 14848K, 0% used [0x00000000ed800000,0x00000000ed800000,0x00000000ee680000)
  from space 2048K, 97% used [0x00000000ee680000,0x00000000ee873c00,0x00000000ee880000)
  to   space 2048K, 0% used [0x00000000ef700000,0x00000000ef700000,0x00000000ef900000)
 ParOldGen       total 38400K, used 0K [0x00000000c8800000, 0x00000000cad80000, 0x00000000ed800000)
  object space 38400K, 0% used [0x00000000c8800000,0x00000000c8800000,0x00000000cad80000)
 Metaspace       used 6714K, capacity 6758K, committed 7040K, reserved 1056768K
  class space    used 759K, capacity 785K, committed 896K, reserved 1048576K
}
Event: 5.624 GC heap before
{Heap before GC invocations=2 (full 0):
 PSYoungGen      total 16896K, used 16847K [0x00000000ed800000, 0x00000000ef900000, 0x0000000100000000)
  eden space 14848K, 100% used [0x00000000ed800000,0x00000000ee680000,0x00000000ee680000)
  from space 2048K, 97% used [0x00000000ee680000,0x00000000ee873c00,0x00000000ee880000)
  to   space 2048K, 0% used [0x00000000ef700000,0x00000000ef700000,0x00000000ef900000)
 ParOldGen       total 38400K, used 0K [0x00000000c8800000, 0x00000000cad80000, 0x00000000ed800000)
  object space 38400K, 0% used [0x00000000c8800000,0x00000000c8800000,0x00000000cad80000)
 Metaspace       used 9389K, capacity 9700K, committed 9984K, reserved 1058816K
  class space    used 1058K, capacity 1162K, committed 1280K, reserved 1048576K
Event: 5.642 GC heap after
Heap after GC invocations=2 (full 0):
 PSYoungGen      total 31744K, used 2032K [0x00000000ed800000, 0x00000000ef900000, 0x0000000100000000)
  eden space 29696K, 0% used [0x00000000ed800000,0x00000000ed800000,0x00000000ef500000)
  from space 2048K, 99% used [0x00000000ef700000,0x00000000ef8fc010,0x00000000ef900000)
  to   space 2048K, 0% used [0x00000000ef500000,0x00000000ef500000,0x00000000ef700000)
 ParOldGen       total 38400K, used 1146K [0x00000000c8800000, 0x00000000cad80000, 0x00000000ed800000)
  object space 38400K, 2% used [0x00000000c8800000,0x00000000c891eaa8,0x00000000cad80000)
 Metaspace       used 9389K, capacity 9700K, committed 9984K, reserved 1058816K
  class space    used 1058K, capacity 1162K, committed 1280K, reserved 1048576K
}
Event: 8.279 GC heap before
{Heap before GC invocations=3 (full 0):
 PSYoungGen      total 31744K, used 31728K [0x00000000ed800000, 0x00000000ef900000, 0x0000000100000000)
  eden space 29696K, 100% used [0x00000000ed800000,0x00000000ef500000,0x00000000ef500000)
  from space 2048K, 99% used [0x00000000ef700000,0x00000000ef8fc010,0x00000000ef900000)
  to   space 2048K, 0% used [0x00000000ef500000,0x00000000ef500000,0x00000000ef700000)
 ParOldGen       total 38400K, used 1146K [0x00000000c8800000, 0x00000000cad80000, 0x00000000ed800000)
  object space 38400K, 2% used [0x00000000c8800000,0x00000000c891eaa8,0x00000000cad80000)
 Metaspace       used 12810K, capacity 13462K, committed 13568K, reserved 1060864K
  class space    used 1582K, capacity 1761K, committed 1792K, reserved 1048576K
Event: 8.294 GC heap after
Heap after GC invocations=3 (full 0):
 PSYoungGen      total 31744K, used 2016K [0x00000000ed800000, 0x00000000f1600000, 0x0000000100000000)
  eden space 29696K, 0% used [0x00000000ed800000,0x00000000ed800000,0x00000000ef500000)
  from space 2048K, 98% used [0x00000000ef500000,0x00000000ef6f8010,0x00000000ef700000)
  to   space 2048K, 0% used [0x00000000f1400000,0x00000000f1400000,0x00000000f1600000)
 ParOldGen       total 38400K, used 3490K [0x00000000c8800000, 0x00000000cad80000, 0x00000000ed800000)
  object space 38400K, 9% used [0x00000000c8800000,0x00000000c8b688b0,0x00000000cad80000)
 Metaspace       used 12810K, capacity 13462K, committed 13568K, reserved 1060864K
  class space    used 1582K, capacity 1761K, committed 1792K, reserved 1048576K
}

Deoptimization events (10 events):
Event: 7.954 Thread 0x00000000031f3000 Uncommon trap: reason=class_check action=maybe_recompile pc=0x0000000003723cec method=java.util.regex.Pattern$Curly.match(Ljava/util/regex/Matcher;ILjava/lang/CharSequence;)Z @ 19
Event: 7.996 Thread 0x00000000031f3000 Uncommon trap: reason=class_check action=maybe_recompile pc=0x0000000003723cec method=java.util.regex.Pattern$Curly.match(Ljava/util/regex/Matcher;ILjava/lang/CharSequence;)Z @ 19
Event: 7.997 Thread 0x00000000031f3000 Uncommon trap: reason=class_check action=maybe_recompile pc=0x0000000003723cec method=java.util.regex.Pattern$Curly.match(Ljava/util/regex/Matcher;ILjava/lang/CharSequence;)Z @ 19
Event: 8.164 Thread 0x00000000031f3000 Uncommon trap: reason=unstable_if action=reinterpret pc=0x000000000359d588 method=org.eclipse.jdt.launching.internal.org.objectweb.asm.ByteVector.putUTF8(Ljava/lang/String;)Lorg/eclipse/jdt/launching/internal/org/objectweb/asm/ByteVector; @ 93
Event: 8.164 Thread 0x00000000031f3000 Uncommon trap: reason=unstable_if action=reinterpret pc=0x00000000035a1cc0 method=org.eclipse.jdt.launching.internal.org.objectweb.asm.ByteVector.encodeUtf8(Ljava/lang/String;II)Lorg/eclipse/jdt/launching/internal/org/objectweb/asm/ByteVector; @ 30
Event: 8.164 Thread 0x00000000031f3000 Uncommon trap: reason=unstable_if action=reinterpret pc=0x000000000345e6e0 method=org.eclipse.jdt.launching.internal.org.objectweb.asm.ByteVector.putUTF8(Ljava/lang/String;)Lorg/eclipse/jdt/launching/internal/org/objectweb/asm/ByteVector; @ 100
Event: 12.219 Thread 0x00000000031f3000 Uncommon trap: reason=class_check action=maybe_recompile pc=0x00000000038bc970 method=org.eclipse.jdt.launching.internal.org.objectweb.asm.MethodWriter.putFrameType(Ljava/lang/Object;)V @ 26
Event: 12.219 Thread 0x00000000031f3000 Uncommon trap: reason=class_check action=maybe_recompile pc=0x00000000038bc970 method=org.eclipse.jdt.launching.internal.org.objectweb.asm.MethodWriter.putFrameType(Ljava/lang/Object;)V @ 26
Event: 12.219 Thread 0x00000000031f3000 Uncommon trap: reason=class_check action=maybe_recompile pc=0x00000000038bc970 method=org.eclipse.jdt.launching.internal.org.objectweb.asm.MethodWriter.putFrameType(Ljava/lang/Object;)V @ 26
Event: 12.219 Thread 0x00000000031f3000 Uncommon trap: reason=class_check action=maybe_recompile pc=0x00000000038bc970 method=org.eclipse.jdt.launching.internal.org.objectweb.asm.MethodWriter.putFrameType(Ljava/lang/Object;)V @ 26

Classes redefined (0 events):
No events

Internal exceptions (10 events):
Event: 7.450 Thread 0x00000000031f3000 Exception <a 'java/lang/ArrayIndexOutOfBoundsException': 18> (0x00000000ee506628) thrown at [C:\re\workspace\8-2-build-windows-amd64-cygwin\jdk8u201\12322\hotspot\src\share\vm\interpreter\interpreterRuntime.cpp, line 368]
Event: 7.451 Thread 0x00000000031f3000 Exception <a 'java/lang/ArrayIndexOutOfBoundsException': 110> (0x00000000ee508448) thrown at [C:\re\workspace\8-2-build-windows-amd64-cygwin\jdk8u201\12322\hotspot\src\share\vm\interpreter\interpreterRuntime.cpp, line 368]
Event: 7.453 Thread 0x00000000031f3000 Exception <a 'java/lang/ArrayIndexOutOfBoundsException'> (0x00000000ee50c498) thrown at [C:\re\workspace\8-2-build-windows-amd64-cygwin\jdk8u201\12322\hotspot\src\share\vm\runtime\sharedRuntime.cpp, line 605]
Event: 7.455 Thread 0x00000000031f3000 Exception <a 'java/lang/ArrayIndexOutOfBoundsException'> (0x00000000ee50fc68) thrown at [C:\re\workspace\8-2-build-windows-amd64-cygwin\jdk8u201\12322\hotspot\src\share\vm\runtime\sharedRuntime.cpp, line 605]
Event: 7.459 Thread 0x00000000031f3000 Exception <a 'java/lang/ArrayIndexOutOfBoundsException'> (0x00000000ee510ee0) thrown at [C:\re\workspace\8-2-build-windows-amd64-cygwin\jdk8u201\12322\hotspot\src\share\vm\runtime\sharedRuntime.cpp, line 605]
Event: 7.461 Thread 0x00000000031f3000 Exception <a 'java/lang/ArrayIndexOutOfBoundsException'> (0x00000000ee5176c8) thrown at [C:\re\workspace\8-2-build-windows-amd64-cygwin\jdk8u201\12322\hotspot\src\share\vm\runtime\sharedRuntime.cpp, line 605]
Event: 7.466 Thread 0x00000000031f3000 Exception <a 'java/lang/ArrayIndexOutOfBoundsException'> (0x00000000ee51d2a0) thrown at [C:\re\workspace\8-2-build-windows-amd64-cygwin\jdk8u201\12322\hotspot\src\share\vm\runtime\sharedRuntime.cpp, line 605]
Event: 7.665 Thread 0x00000000031f3000 Exception <a 'java/lang/NoSuchMethodError': java.lang.Object.lambda$chars$0()Ljava/util/Spliterator$OfInt;> (0x00000000ee8e7160) thrown at [C:\re\workspace\8-2-build-windows-amd64-cygwin\jdk8u201\12322\hotspot\src\share\vm\interpreter\linkResolver.cpp, li
Event: 11.904 Thread 0x00000000031f3000 Exception <a 'java/lang/NoSuchMethodError': java.lang.Object.lambda$getResponseFunction$0(Lorg/openqa/selenium/remote/InitialHandshakeResponse;)Lorg/openqa/selenium/remote/ProtocolHandshake$Result;> (0x00000000ee001dd0) thrown at [C:\re\workspace\8-2-buil
Event: 12.276 Thread 0x00000000031f3000 Exception <a 'java/net/SocketTimeoutException': Read timed out> (0x00000000ee323110) thrown at [C:\re\workspace\8-2-build-windows-amd64-cygwin\jdk8u201\12322\hotspot\src\share\vm\prims\jni.cpp, line 735]

Events (10 events):
Event: 12.254 Thread 0x00000000031f3000 DEOPT PACKING pc=0x00000000034f2694 sp=0x000000000300e670
Event: 12.254 Thread 0x00000000031f3000 DEOPT UNPACKING pc=0x0000000003337490 sp=0x000000000300e490 mode 1
Event: 12.272 loading class java/util/ArrayList$ListItr
Event: 12.273 loading class java/util/ArrayList$ListItr done
Event: 12.273 Executing VM operation: Deoptimize
Event: 12.274 Executing VM operation: Deoptimize done
Event: 12.274 loading class java/util/Collections$UnmodifiableList$1
Event: 12.275 loading class java/util/Collections$UnmodifiableList$1 done
Event: 12.276 loading class sun/net/ConnectionResetException
Event: 12.277 loading class sun/net/ConnectionResetException done


Dynamic libraries:
0x00007ff7a2cf0000 - 0x00007ff7a2d27000 	C:\Program Files\Java\jre1.8.0_201\bin\javaw.exe
0x00007fff22f40000 - 0x00007fff23121000 	C:\WINDOWS\SYSTEM32\ntdll.dll
0x00007fff21710000 - 0x00007fff217c1000 	C:\WINDOWS\System32\KERNEL32.DLL
0x00007fff1fbd0000 - 0x00007fff1fe43000 	C:\WINDOWS\System32\KERNELBASE.dll
0x00007fff215c0000 - 0x00007fff21661000 	C:\WINDOWS\System32\ADVAPI32.dll
0x00007fff21520000 - 0x00007fff215be000 	C:\WINDOWS\System32\msvcrt.dll
0x00007fff21970000 - 0x00007fff219cb000 	C:\WINDOWS\System32\sechost.dll
0x00007fff20ad0000 - 0x00007fff20bf4000 	C:\WINDOWS\System32\RPCRT4.dll
0x00007fff21050000 - 0x00007fff211e1000 	C:\WINDOWS\System32\USER32.dll
0x00007fff20390000 - 0x00007fff203b0000 	C:\WINDOWS\System32\win32u.dll
0x00007fff204a0000 - 0x00007fff204c8000 	C:\WINDOWS\System32\GDI32.dll
0x00007fff1ffb0000 - 0x00007fff20141000 	C:\WINDOWS\System32\gdi32full.dll
0x00007fff1fa80000 - 0x00007fff1fb1f000 	C:\WINDOWS\System32\msvcp_win.dll
0x00007fff1fe50000 - 0x00007fff1ff48000 	C:\WINDOWS\System32\ucrtbase.dll
0x00007fff10fe0000 - 0x00007fff11249000 	C:\WINDOWS\WinSxS\amd64_microsoft.windows.common-controls_6595b64144ccf1df_6.0.17134.1130_none_d3ff42617c90becf\COMCTL32.dll
0x00007fff211f0000 - 0x00007fff21511000 	C:\WINDOWS\System32\combase.dll
0x00007fff1f2f0000 - 0x00007fff1f369000 	C:\WINDOWS\System32\bcryptPrimitives.dll
0x00007fff207d0000 - 0x00007fff207fd000 	C:\WINDOWS\System32\IMM32.DLL
0x0000000071610000 - 0x00000000716e1000 	C:\Program Files\Java\jre1.8.0_201\bin\msvcr100.dll
0x000000006dfa0000 - 0x000000006e844000 	C:\Program Files\Java\jre1.8.0_201\bin\server\jvm.dll
0x00007fff208b0000 - 0x00007fff208b8000 	C:\WINDOWS\System32\PSAPI.DLL
0x00007fff0f920000 - 0x00007fff0f929000 	C:\WINDOWS\SYSTEM32\WSOCK32.dll
0x00007fff1d4d0000 - 0x00007fff1d4f3000 	C:\WINDOWS\SYSTEM32\WINMM.dll
0x00007fff205a0000 - 0x00007fff2060c000 	C:\WINDOWS\System32\WS2_32.dll
0x00007fff16080000 - 0x00007fff1608a000 	C:\WINDOWS\SYSTEM32\VERSION.dll
0x00007fff1d4a0000 - 0x00007fff1d4ca000 	C:\WINDOWS\SYSTEM32\WINMMBASE.dll
0x00007fff20340000 - 0x00007fff20389000 	C:\WINDOWS\System32\cfgmgr32.dll
0x00007fff0f3b0000 - 0x00007fff0f3bf000 	C:\Program Files\Java\jre1.8.0_201\bin\verify.dll
0x00007fff0f360000 - 0x00007fff0f389000 	C:\Program Files\Java\jre1.8.0_201\bin\java.dll
0x00007fff10c00000 - 0x00007fff10c35000 	C:\Program Files\Java\jre1.8.0_201\bin\jdwp.dll
0x00007fff1a4c0000 - 0x00007fff1a4c8000 	C:\Program Files\Java\jre1.8.0_201\bin\npt.dll
0x00007fff13250000 - 0x00007fff13273000 	C:\Program Files\Java\jre1.8.0_201\bin\instrument.dll
0x00007fff0db80000 - 0x00007fff0db96000 	C:\Program Files\Java\jre1.8.0_201\bin\zip.dll
0x00007fff21ac0000 - 0x00007fff22f05000 	C:\WINDOWS\System32\SHELL32.dll
0x00007fff20800000 - 0x00007fff208a9000 	C:\WINDOWS\System32\shcore.dll
0x00007fff1f370000 - 0x00007fff1fa80000 	C:\WINDOWS\System32\windows.storage.dll
0x00007fff21a50000 - 0x00007fff21aa1000 	C:\WINDOWS\System32\shlwapi.dll
0x00007fff1f2d0000 - 0x00007fff1f2e1000 	C:\WINDOWS\System32\kernel.appcore.dll
0x00007fff1f2b0000 - 0x00007fff1f2cf000 	C:\WINDOWS\System32\profapi.dll
0x00007fff1f230000 - 0x00007fff1f27c000 	C:\WINDOWS\System32\powrprof.dll
0x00007fff1f280000 - 0x00007fff1f28a000 	C:\WINDOWS\System32\FLTLIB.DLL
0x00007fff1a390000 - 0x00007fff1a399000 	C:\Program Files\Java\jre1.8.0_201\bin\dt_socket.dll
0x00007ffef9160000 - 0x00007ffef9176000 	C:\WINDOWS\system32\napinsp.dll
0x00007ffef9140000 - 0x00007ffef915a000 	C:\WINDOWS\system32\pnrpnsp.dll
0x00007fff1bd40000 - 0x00007fff1bd59000 	C:\WINDOWS\system32\NLAapi.dll
0x00007fff1ea50000 - 0x00007fff1eab6000 	C:\WINDOWS\System32\mswsock.dll
0x00007fff1e7f0000 - 0x00007fff1e8ae000 	C:\WINDOWS\SYSTEM32\DNSAPI.dll
0x00007fff21ab0000 - 0x00007fff21ab8000 	C:\WINDOWS\System32\NSI.dll
0x00007fff1e7a0000 - 0x00007fff1e7d8000 	C:\WINDOWS\SYSTEM32\IPHLPAPI.DLL
0x00007fff0db50000 - 0x00007fff0db5e000 	C:\WINDOWS\System32\winrnr.dll
0x00007fff17a70000 - 0x00007fff17a85000 	C:\WINDOWS\System32\wshbth.dll
0x00007fff145b0000 - 0x00007fff14622000 	C:\WINDOWS\System32\fwpuclnt.dll
0x00007fff1ed30000 - 0x00007fff1ed55000 	C:\WINDOWS\SYSTEM32\bcrypt.dll
0x00007fff13db0000 - 0x00007fff13dba000 	C:\Windows\System32\rasadhlp.dll
0x00007fff0db60000 - 0x00007fff0db7a000 	C:\Program Files\Java\jre1.8.0_201\bin\net.dll
0x00007fff132f0000 - 0x00007fff134ba000 	C:\WINDOWS\SYSTEM32\urlmon.dll
0x00007fff15ce0000 - 0x00007fff15f87000 	C:\WINDOWS\SYSTEM32\iertutil.dll
0x00007fff1ec00000 - 0x00007fff1ec0b000 	C:\WINDOWS\SYSTEM32\CRYPTBASE.DLL
0x00007fff0a4d0000 - 0x00007fff0a4f4000 	C:\Program Files\Java\jre1.8.0_201\bin\sunec.dll
0x00007fff0f3a0000 - 0x00007fff0f3ab000 	C:\Program Files\Java\jre1.8.0_201\bin\sunmscapi.dll
0x00007fff20150000 - 0x00007fff20332000 	C:\WINDOWS\System32\CRYPT32.dll
0x00007fff1f290000 - 0x00007fff1f2a2000 	C:\WINDOWS\System32\MSASN1.dll
0x00007fff17cf0000 - 0x00007fff17d06000 	C:\WINDOWS\SYSTEM32\dhcpcsvc6.DLL
0x00007fff1a060000 - 0x00007fff1a07a000 	C:\WINDOWS\SYSTEM32\dhcpcsvc.DLL
0x00007fff0a830000 - 0x00007fff0a841000 	C:\Program Files\Java\jre1.8.0_201\bin\nio.dll
0x00007fff1ec10000 - 0x00007fff1ec27000 	C:\WINDOWS\SYSTEM32\CRYPTSP.dll
0x00007fff1e600000 - 0x00007fff1e633000 	C:\WINDOWS\system32\rsaenh.dll
0x00007fff1f130000 - 0x00007fff1f158000 	C:\WINDOWS\SYSTEM32\USERENV.dll

VM Arguments:
jvm_args: -agentlib:jdwp=transport=dt_socket,suspend=y,address=localhost:53842 -javaagent:C:\Users\suhas\eclipse\java-2019-092\eclipse\configuration\org.eclipse.osgi\229\0\.cp\lib\javaagent-shaded.jar -Dfile.encoding=Cp1252 
java_command: CopySuggestFromJava
java_class_path (initial): C:\Users\suhas\git\Repository\Selenium\bin;C:\Users\suhas\git\Repository\Selenium\jar\selenium-server-standalone-3.141.59.jar;C:\Users\suhas\eclipse\java-2019-092\eclipse\configuration\org.eclipse.osgi\229\0\.cp\lib\javaagent-shaded.jar
Launcher Type: SUN_STANDARD

Environment Variables:
PATH=C:/Program Files/Java/jre1.8.0_201/bin/server;C:/Program Files/Java/jre1.8.0_201/bin;C:/Program Files/Java/jre1.8.0_201/lib/amd64;C:\Program Files (x86)\Common Files\Oracle\Java\javapath;F:\oracle\product\10.2.0\db_1\bin;C:\WINDOWS\system32;C:\WINDOWS;C:\WINDOWS\System32\Wbem;C:\WINDOWS\System32\WindowsPowerShell\v1.0\;C:\WINDOWS\System32\OpenSSH\;C:\Program Files (x86)\ATI Technologies\ATI.ACE\Core-Static;C:\Program Files\Java\jdk1.8.0_201\bin;C:\Users\suhas\AppData\Local\Microsoft\WindowsApps;;C:\Users\suhas\Desktop;
USERNAME=suhas
OS=Windows_NT
PROCESSOR_IDENTIFIER=AMD64 Family 22 Model 48 Stepping 1, AuthenticAMD



---------------  S Y S T E M  ---------------

OS: Windows 10.0 , 64 bit Build 17134 (10.0.17134.753)

CPU:total 4 (initial active 4) (4 cores per cpu, 1 threads per core) family 22 model 48 stepping 1, cmov, cx8, fxsr, mmx, sse, sse2, sse3, ssse3, sse4.1, sse4.2, popcnt, avx, aes, clmul, mmxext, 3dnowpref, lzcnt, sse4a, tsc, tscinvbit, tscinv, bmi1

Memory: 4k page, physical 3633524k(476344k free), swap 3633524k(1112k free)

vm_info: Java HotSpot(TM) 64-Bit Server VM (25.201-b09) for windows-amd64 JRE (1.8.0_201-b09), built on Dec 15 2018 18:36:39 by "java_re" with MS VC++ 10.0 (VS2010)

time: Fri Nov 22 15:56:11 2019
timezone: India Standard Time
elapsed time: 13 seconds (0d 0h 0m 13s)

